Arguments: 
  C:\Program Files\nodejs\node.exe C:\Users\jaime\AppData\Roaming\npm\node_modules\yarn\bin\yarn.js add react-native-paper

PATH: 
  C:\Python27\;C:\Python27\Scripts;C:\Windows\system32;C:\Windows;C:\Windows\System32\Wbem;C:\Windows\System32\WindowsPowerShell\v1.0\;C:\Windows\System32\OpenSSH\;C:\Program Files (x86)\NVIDIA Corporation\PhysX\Common;C:\Program Files\NVIDIA Corporation\NVIDIA NvDLISR;C:\Program Files\MATLAB\R2017b\runtime\win64;C:\Program Files\MATLAB\R2017b\bin;C:\ProgramData\chocolatey\bin;C:\Program Files\Java\jdk1.8.0_211\bin;C:\Users\jaime\AppData\Local\Android\Sdk\platform-tools;C:\Program Files\dotnet\;C:\Program Files\OpenJDK\openjdk-8u302-b08\bin;C:\Program Files\Azure Data Studio\bin;C:\Program Files\nodejs\;C:\Program Files\OpenJDK\openjdk-11.0.14.1_1\bin;C:\Users\jaime\AppData\Local\Android\Sdk\platform-tools;C:\MobileDev\flutter\bin;C:\Program Files\Git\cmd;C:\Users\jaime\AppData\Local\Microsoft\WindowsApps;C:\Users\jaime\AppData\Local\Programs\Microsoft VS Code\bin;C:\src\flutter\bin;C:\Users\jaime\.dotnet\tools;C:\Program Files\heroku\bin;C:\Program Files\Azure Data Studio\bin;C:\Users\jaime\AppData\Roaming\npm;C:\MobileDev\flutter\bin;C:\tools\dart-sdk\bin;C:\Users\jaime\AppData\Roaming\Pub\Cache\bin;

Yarn version: 
  1.22.19

Node version: 
  16.14.2

Platform: 
  win32 x64

Trace: 
  Error: EPERM: operation not permitted, unlink 'C:\Users\jaime\OneDrive\Documentos\CURSOS\reactNative\MealsToGo\node_modules\@babel\helper-explode-assignable-expression\lib'

npm manifest: 
  {
    "name": "mealstogo",
    "version": "1.0.0",
    "main": "node_modules/expo/AppEntry.js",
    "scripts": {
      "start": "expo start",
      "android": "expo start --android",
      "ios": "expo start --ios",
      "web": "expo start --web",
      "lint": "eslint . --ext .js"
    },
    "dependencies": {
      "@react-native-community/eslint-config": "^3.2.0",
      "eslint": "^8.38.0",
      "expo": "~48.0.10",
      "expo-status-bar": "~1.4.4",
      "prettier": "^2.8.7",
      "react": "18.2.0",
      "react-native": "0.71.6"
    },
    "devDependencies": {
      "@babel/core": "^7.20.0"
    },
    "private": true
  }

yarn manifest: 
  No manifest

Lockfile: 
  No lockfile
